<?xml version="1.0" encoding="UTF-8"?>
<!-- Generated by org.testng.reporters.JUnitReportReporter -->
<testsuite hostname="VM078653E3" name="guideme.Check" tests="1" failures="0" timestamp="12 Aug 2015 13:06:01 GMT" time="26.753" errors="0">
  <testcase name="CreateInvoice" time="26.753" classname="guideme.Check"/>
</testsuite> <!-- guideme.Check -->
