<?xml version="1.0" encoding="UTF-8"?>
<!-- Generated by org.testng.reporters.JUnitReportReporter -->
<testsuite hostname="VM078653E3" name="guideme.TestGuideMeFlow" tests="1" failures="0" timestamp="13 Aug 2015 10:48:46 GMT" time="7.855" errors="0">
  <testcase name="CreateInvoice" time="7.855" classname="guideme.TestGuideMeFlow"/>
</testsuite> <!-- guideme.TestGuideMeFlow -->
