<?xml version="1.0" encoding="UTF-8"?>
<!-- Generated by org.testng.reporters.JUnitReportReporter -->
<testsuite hostname="VM078653E3" name="guideme.Invoice" tests="1" failures="0" timestamp="17 Aug 2015 04:37:11 GMT" time="19.334" errors="0">
  <testcase name="CreateInvoice" time="19.334" classname="guideme.Invoice"/>
</testsuite> <!-- guideme.Invoice -->
