<?xml version="1.0" encoding="UTF-8"?>
<!-- Generated by org.testng.reporters.JUnitReportReporter -->
<testsuite hostname="VM078653E3" name="GuideMe.Workflows.Invoice" tests="1" failures="0" timestamp="11 Aug 2015 04:53:04 GMT" time="14.687" errors="0">
  <testcase name="CreateInvoice" time="14.687" classname="GuideMe.Workflows.Invoice"/>
</testsuite> <!-- GuideMe.Workflows.Invoice -->
